{"timestamp":"2025-08-04T03:47:19.834411","level":"info","event":"DAG bundles loaded: dags-folder","logger":"airflow.dag_processing.bundles.manager.DagBundlesManager"}
{"timestamp":"2025-08-04T03:47:19.835329","level":"info","event":"Filling up the DagBag from /opt/airflow/dags/orchestrator.py","logger":"airflow.models.dagbag.DagBag"}
{"timestamp":"2025-08-04T03:47:20.713559","level":"info","event":"Starting docker container from image ghcr.io/dbt-labs/dbt-postgres:1.9.latest","logger":"airflow.task.operators.airflow.providers.docker.operators.docker.DockerOperator"}
{"timestamp":"2025-08-04T03:47:25.781663","level":"info","event":"\u001b[0m03:47:25  Running with dbt=1.9.0","logger":"airflow.task.operators.airflow.providers.docker.operators.docker.DockerOperator"}
{"timestamp":"2025-08-04T03:47:26.411639","level":"info","event":"\u001b[0m03:47:26  Registered adapter: postgres=1.9.0","logger":"airflow.task.operators.airflow.providers.docker.operators.docker.DockerOperator"}
{"timestamp":"2025-08-04T03:47:27.182272","level":"info","event":"\u001b[0m03:47:27  Found 3 models, 1 source, 429 macros","logger":"airflow.task.operators.airflow.providers.docker.operators.docker.DockerOperator"}
{"timestamp":"2025-08-04T03:47:27.186431","level":"info","event":"\u001b[0m03:47:27","logger":"airflow.task.operators.airflow.providers.docker.operators.docker.DockerOperator"}
{"timestamp":"2025-08-04T03:47:27.187059","level":"info","event":"\u001b[0m03:47:27  Concurrency: 4 threads (target='dev')","logger":"airflow.task.operators.airflow.providers.docker.operators.docker.DockerOperator"}
{"timestamp":"2025-08-04T03:47:27.187591","level":"info","event":"\u001b[0m03:47:27","logger":"airflow.task.operators.airflow.providers.docker.operators.docker.DockerOperator"}
{"timestamp":"2025-08-04T03:47:27.422071","level":"info","event":"\u001b[0m03:47:27  1 of 3 START sql table model weather.stg_weather_data .......................... [RUN]","logger":"airflow.task.operators.airflow.providers.docker.operators.docker.DockerOperator"}
{"timestamp":"2025-08-04T03:47:27.610355","level":"info","event":"\u001b[0m03:47:27  1 of 3 OK created sql table model weather.stg_weather_data ..................... [\u001b[32mSELECT 9\u001b[0m in 0.18s]","logger":"airflow.task.operators.airflow.providers.docker.operators.docker.DockerOperator"}
{"timestamp":"2025-08-04T03:47:27.614244","level":"info","event":"\u001b[0m03:47:27  2 of 3 START sql table model weather.daily_avg ................................. [RUN]","logger":"airflow.task.operators.airflow.providers.docker.operators.docker.DockerOperator"}
{"timestamp":"2025-08-04T03:47:27.615062","level":"info","event":"\u001b[0m03:47:27  3 of 3 START sql table model weather.weather_report ............................ [RUN]","logger":"airflow.task.operators.airflow.providers.docker.operators.docker.DockerOperator"}
{"timestamp":"2025-08-04T03:47:27.731109","level":"info","event":"\u001b[0m03:47:27  3 of 3 OK created sql table model weather.weather_report ....................... [\u001b[32mSELECT 9\u001b[0m in 0.11s]","logger":"airflow.task.operators.airflow.providers.docker.operators.docker.DockerOperator"}
{"timestamp":"2025-08-04T03:47:27.733099","level":"info","event":"\u001b[0m03:47:27  2 of 3 OK created sql table model weather.daily_avg ............................ [\u001b[32mSELECT 2\u001b[0m in 0.12s]","logger":"airflow.task.operators.airflow.providers.docker.operators.docker.DockerOperator"}
{"timestamp":"2025-08-04T03:47:27.772800","level":"info","event":"\u001b[0m03:47:27","logger":"airflow.task.operators.airflow.providers.docker.operators.docker.DockerOperator"}
{"timestamp":"2025-08-04T03:47:27.773149","level":"info","event":"\u001b[0m03:47:27  Finished running 3 table models in 0 hours 0 minutes and 0.58 seconds (0.58s).","logger":"airflow.task.operators.airflow.providers.docker.operators.docker.DockerOperator"}
{"timestamp":"2025-08-04T03:47:27.835603","level":"info","event":"\u001b[0m03:47:27","logger":"airflow.task.operators.airflow.providers.docker.operators.docker.DockerOperator"}
{"timestamp":"2025-08-04T03:47:27.836618","level":"info","event":"\u001b[0m03:47:27  \u001b[32mCompleted successfully\u001b[0m","logger":"airflow.task.operators.airflow.providers.docker.operators.docker.DockerOperator"}
{"timestamp":"2025-08-04T03:47:27.837245","level":"info","event":"\u001b[0m03:47:27","logger":"airflow.task.operators.airflow.providers.docker.operators.docker.DockerOperator"}
{"timestamp":"2025-08-04T03:47:27.838011","level":"info","event":"\u001b[0m03:47:27  Done. PASS=3 WARN=0 ERROR=0 SKIP=0 TOTAL=3","logger":"airflow.task.operators.airflow.providers.docker.operators.docker.DockerOperator"}
{"timestamp":"2025-08-04T03:47:30.159455","level":"info","event":"Pushing xcom","ti":"RuntimeTaskInstance(id=UUID('01987330-d5c0-7611-bc89-ae3430c04644'), task_id='transform_data_task', dag_id='weather_api_dbt_orchestrator', run_id='scheduled__2025-08-04T03:47:13.130886+00:00', try_number=1, map_index=-1, hostname='8289800fdfbe', context_carrier=None, task=<Task(DockerOperator): transform_data_task>, bundle_instance=LocalDagBundle(name=dags-folder), max_tries=0, start_date=datetime.datetime(2025, 8, 4, 3, 47, 19, 540679, tzinfo=TzInfo(UTC)), end_date=None, is_mapped=False)","logger":"task"}
