[0m09:31:23.569927 [debug] [MainThread]: Sending event: {'category': 'dbt', 'action': 'invocation', 'label': 'start', 'context': [<snowplow_tracker.self_describing_json.SelfDescribingJson object at 0x7f84e27fa930>, <snowplow_tracker.self_describing_json.SelfDescribingJson object at 0x7f84e22583b0>, <snowplow_tracker.self_describing_json.SelfDescribingJson object at 0x7f84e27f9910>]}


============================== 09:31:23.579388 | ae860af6-190e-4041-91fb-0292a89831f2 ==============================
[0m09:31:23.579388 [info ] [MainThread]: Running with dbt=1.9.0
[0m09:31:23.580256 [debug] [MainThread]: running dbt with arguments {'printer_width': '80', 'indirect_selection': 'eager', 'log_cache_events': 'False', 'write_json': 'True', 'partial_parse': 'True', 'cache_selected_only': 'False', 'profiles_dir': '/root/.dbt', 'version_check': 'True', 'warn_error': 'None', 'log_path': 'logs', 'fail_fast': 'False', 'debug': 'False', 'use_colors': 'True', 'use_experimental_parser': 'False', 'empty': 'None', 'quiet': 'False', 'no_print': 'None', 'log_format': 'default', 'introspect': 'True', 'static_parser': 'True', 'invocation_command': 'dbt init Weatherstack', 'target_path': 'None', 'warn_error_options': 'WarnErrorOptions(include=[], exclude=[])', 'send_anonymous_usage_stats': 'True'}
[0m09:31:23.661966 [debug] [MainThread]: Starter project path: /usr/local/lib/python3.12/site-packages/dbt/include/starter_project
[0m09:31:23.668933 [info ] [MainThread]: 
Your new dbt project "Weatherstack" was created!

For more information on how to configure the profiles.yml file,
please consult the dbt documentation here:

  https://docs.getdbt.com/docs/configure-your-profile

One more thing:

Need help? Don't hesitate to reach out to us via GitHub issues or on Slack:

  https://community.getdbt.com/

Happy modeling!

[0m09:31:23.669437 [info ] [MainThread]: Setting up your profile.
[0m09:31:49.487714 [info ] [MainThread]: Profile Weatherstack written to /root/.dbt/profiles.yml using target's profile_template.yml and your supplied values. Run 'dbt debug' to validate the connection.
[0m09:31:49.489076 [debug] [MainThread]: Resource report: {"command_name": "init", "command_success": true, "command_wall_clock_time": 24.910635, "process_in_blocks": "72", "process_kernel_time": 0.27093, "process_mem_max_rss": "92756", "process_out_blocks": "1536", "process_user_time": 1.715893}
[0m09:31:49.489756 [debug] [MainThread]: Command `dbt init` succeeded at 09:31:49.489618 after 24.91 seconds
[0m09:31:49.490207 [debug] [MainThread]: Sending event: {'category': 'dbt', 'action': 'invocation', 'label': 'end', 'context': [<snowplow_tracker.self_describing_json.SelfDescribingJson object at 0x7f84e1a19c70>, <snowplow_tracker.self_describing_json.SelfDescribingJson object at 0x7f84e2af5220>, <snowplow_tracker.self_describing_json.SelfDescribingJson object at 0x7f84e1dcb380>]}
[0m09:31:49.490658 [debug] [MainThread]: Flushing usage events
[0m09:31:50.775513 [debug] [MainThread]: An error was encountered while trying to flush usage events
