{"timestamp":"2025-08-04T03:47:32.030430","level":"info","event":"DAG bundles loaded: dags-folder","logger":"airflow.dag_processing.bundles.manager.DagBundlesManager"}
{"timestamp":"2025-08-04T03:47:32.034784","level":"info","event":"Filling up the DagBag from /opt/airflow/dags/orchestrator.py","logger":"airflow.models.dagbag.DagBag"}
{"timestamp":"2025-08-04T03:47:32.276597","level":"info","event":"Starting docker container from image ghcr.io/dbt-labs/dbt-postgres:1.9.latest","logger":"airflow.task.operators.airflow.providers.docker.operators.docker.DockerOperator"}
{"timestamp":"2025-08-04T03:47:35.248721","level":"info","event":"\u001b[0m03:47:35  Running with dbt=1.9.0","logger":"airflow.task.operators.airflow.providers.docker.operators.docker.DockerOperator"}
{"timestamp":"2025-08-04T03:47:36.336363","level":"info","event":"\u001b[0m03:47:36  Registered adapter: postgres=1.9.0","logger":"airflow.task.operators.airflow.providers.docker.operators.docker.DockerOperator"}
{"timestamp":"2025-08-04T03:47:36.892147","level":"info","event":"\u001b[0m03:47:36  Found 3 models, 1 source, 429 macros","logger":"airflow.task.operators.airflow.providers.docker.operators.docker.DockerOperator"}
{"timestamp":"2025-08-04T03:47:36.896018","level":"info","event":"\u001b[0m03:47:36","logger":"airflow.task.operators.airflow.providers.docker.operators.docker.DockerOperator"}
{"timestamp":"2025-08-04T03:47:36.896701","level":"info","event":"\u001b[0m03:47:36  Concurrency: 4 threads (target='dev')","logger":"airflow.task.operators.airflow.providers.docker.operators.docker.DockerOperator"}
{"timestamp":"2025-08-04T03:47:36.898085","level":"info","event":"\u001b[0m03:47:36","logger":"airflow.task.operators.airflow.providers.docker.operators.docker.DockerOperator"}
{"timestamp":"2025-08-04T03:47:37.079481","level":"info","event":"\u001b[0m03:47:37  1 of 3 START sql table model weather.stg_weather_data .......................... [RUN]","logger":"airflow.task.operators.airflow.providers.docker.operators.docker.DockerOperator"}
{"timestamp":"2025-08-04T03:47:37.268270","level":"info","event":"\u001b[0m03:47:37  1 of 3 OK created sql table model weather.stg_weather_data ..................... [\u001b[32mSELECT 9\u001b[0m in 0.19s]","logger":"airflow.task.operators.airflow.providers.docker.operators.docker.DockerOperator"}
{"timestamp":"2025-08-04T03:47:37.271726","level":"info","event":"\u001b[0m03:47:37  2 of 3 START sql table model weather.daily_avg ................................. [RUN]","logger":"airflow.task.operators.airflow.providers.docker.operators.docker.DockerOperator"}
{"timestamp":"2025-08-04T03:47:37.273344","level":"info","event":"\u001b[0m03:47:37  3 of 3 START sql table model weather.weather_report ............................ [RUN]","logger":"airflow.task.operators.airflow.providers.docker.operators.docker.DockerOperator"}
{"timestamp":"2025-08-04T03:47:37.386322","level":"info","event":"\u001b[0m03:47:37  3 of 3 OK created sql table model weather.weather_report ....................... [\u001b[32mSELECT 9\u001b[0m in 0.11s]","logger":"airflow.task.operators.airflow.providers.docker.operators.docker.DockerOperator"}
{"timestamp":"2025-08-04T03:47:37.387713","level":"info","event":"\u001b[0m03:47:37  2 of 3 OK created sql table model weather.daily_avg ............................ [\u001b[32mSELECT 2\u001b[0m in 0.11s]","logger":"airflow.task.operators.airflow.providers.docker.operators.docker.DockerOperator"}
{"timestamp":"2025-08-04T03:47:37.408463","level":"info","event":"\u001b[0m03:47:37","logger":"airflow.task.operators.airflow.providers.docker.operators.docker.DockerOperator"}
{"timestamp":"2025-08-04T03:47:37.408788","level":"info","event":"\u001b[0m03:47:37  Finished running 3 table models in 0 hours 0 minutes and 0.51 seconds (0.51s).","logger":"airflow.task.operators.airflow.providers.docker.operators.docker.DockerOperator"}
{"timestamp":"2025-08-04T03:47:37.469488","level":"info","event":"\u001b[0m03:47:37","logger":"airflow.task.operators.airflow.providers.docker.operators.docker.DockerOperator"}
{"timestamp":"2025-08-04T03:47:37.469829","level":"info","event":"\u001b[0m03:47:37  \u001b[32mCompleted successfully\u001b[0m","logger":"airflow.task.operators.airflow.providers.docker.operators.docker.DockerOperator"}
{"timestamp":"2025-08-04T03:47:37.470478","level":"info","event":"\u001b[0m03:47:37","logger":"airflow.task.operators.airflow.providers.docker.operators.docker.DockerOperator"}
{"timestamp":"2025-08-04T03:47:37.471177","level":"info","event":"\u001b[0m03:47:37  Done. PASS=3 WARN=0 ERROR=0 SKIP=0 TOTAL=3","logger":"airflow.task.operators.airflow.providers.docker.operators.docker.DockerOperator"}
{"timestamp":"2025-08-04T03:47:40.161253","level":"info","event":"Pushing xcom","ti":"RuntimeTaskInstance(id=UUID('01987331-0ab7-743b-a31e-f7318a485317'), task_id='transform_data_task', dag_id='weather_api_dbt_orchestrator', run_id='scheduled__2025-08-04T03:47:29.555145+00:00', try_number=1, map_index=-1, hostname='8289800fdfbe', context_carrier=None, task=<Task(DockerOperator): transform_data_task>, bundle_instance=LocalDagBundle(name=dags-folder), max_tries=0, start_date=datetime.datetime(2025, 8, 4, 3, 47, 31, 935815, tzinfo=TzInfo(UTC)), end_date=None, is_mapped=False)","logger":"task"}
