{"timestamp":"2025-08-18T03:08:24.575931","level":"info","event":"DAG bundles loaded: dags-folder","logger":"airflow.dag_processing.bundles.manager.DagBundlesManager"}
{"timestamp":"2025-08-18T03:08:24.576726","level":"info","event":"Filling up the DagBag from /opt/airflow/dags/orchestrator.py","logger":"airflow.models.dagbag.DagBag"}
{"timestamp":"2025-08-18T03:08:24.823857","level":"info","event":"Starting docker container from image ghcr.io/dbt-labs/dbt-postgres:1.9.latest","logger":"airflow.task.operators.airflow.providers.docker.operators.docker.DockerOperator"}
{"timestamp":"2025-08-18T03:08:28.112742","level":"info","event":"\u001b[0m03:08:28  Running with dbt=1.9.0","logger":"airflow.task.operators.airflow.providers.docker.operators.docker.DockerOperator"}
{"timestamp":"2025-08-18T03:08:28.553858","level":"info","event":"\u001b[0m03:08:28  Registered adapter: postgres=1.9.0","logger":"airflow.task.operators.airflow.providers.docker.operators.docker.DockerOperator"}
{"timestamp":"2025-08-18T03:08:28.984107","level":"info","event":"\u001b[0m03:08:28  Found 1 model, 1 source, 429 macros","logger":"airflow.task.operators.airflow.providers.docker.operators.docker.DockerOperator"}
{"timestamp":"2025-08-18T03:08:28.986715","level":"info","event":"\u001b[0m03:08:28","logger":"airflow.task.operators.airflow.providers.docker.operators.docker.DockerOperator"}
{"timestamp":"2025-08-18T03:08:28.987040","level":"info","event":"\u001b[0m03:08:28  Concurrency: 4 threads (target='weather')","logger":"airflow.task.operators.airflow.providers.docker.operators.docker.DockerOperator"}
{"timestamp":"2025-08-18T03:08:28.987503","level":"info","event":"\u001b[0m03:08:28","logger":"airflow.task.operators.airflow.providers.docker.operators.docker.DockerOperator"}
{"timestamp":"2025-08-18T03:08:29.129647","level":"info","event":"\u001b[0m03:08:29  1 of 1 START sql table model weather.staging ................................... [RUN]","logger":"airflow.task.operators.airflow.providers.docker.operators.docker.DockerOperator"}
{"timestamp":"2025-08-18T03:08:29.257389","level":"info","event":"\u001b[0m03:08:29  1 of 1 ERROR creating sql table model weather.staging .......................... [\u001b[31mERROR\u001b[0m in 0.13s]","logger":"airflow.task.operators.airflow.providers.docker.operators.docker.DockerOperator"}
{"timestamp":"2025-08-18T03:08:29.275465","level":"info","event":"\u001b[0m03:08:29","logger":"airflow.task.operators.airflow.providers.docker.operators.docker.DockerOperator"}
{"timestamp":"2025-08-18T03:08:29.275679","level":"info","event":"\u001b[0m03:08:29  Finished running 1 table model in 0 hours 0 minutes and 0.29 seconds (0.29s).","logger":"airflow.task.operators.airflow.providers.docker.operators.docker.DockerOperator"}
{"timestamp":"2025-08-18T03:08:29.305769","level":"info","event":"\u001b[0m03:08:29","logger":"airflow.task.operators.airflow.providers.docker.operators.docker.DockerOperator"}
{"timestamp":"2025-08-18T03:08:29.306062","level":"info","event":"\u001b[0m03:08:29  \u001b[31mCompleted with 1 error, 0 partial successes, and 0 warnings:\u001b[0m","logger":"airflow.task.operators.airflow.providers.docker.operators.docker.DockerOperator"}
{"timestamp":"2025-08-18T03:08:29.306359","level":"info","event":"\u001b[0m03:08:29","logger":"airflow.task.operators.airflow.providers.docker.operators.docker.DockerOperator"}
{"timestamp":"2025-08-18T03:08:29.306660","level":"info","event":"\u001b[0m03:08:29    Database Error in model staging (models/staging/staging.sql)","logger":"airflow.task.operators.airflow.providers.docker.operators.docker.DockerOperator"}
{"timestamp":"2025-08-18T03:08:29.306753","level":"info","event":"  relation \"staging\" already exists","logger":"airflow.task.operators.airflow.providers.docker.operators.docker.DockerOperator"}
{"timestamp":"2025-08-18T03:08:29.306842","level":"info","event":"  compiled code at target/run/Weatherstack/models/staging/staging.sql","logger":"airflow.task.operators.airflow.providers.docker.operators.docker.DockerOperator"}
{"timestamp":"2025-08-18T03:08:29.306975","level":"info","event":"\u001b[0m03:08:29","logger":"airflow.task.operators.airflow.providers.docker.operators.docker.DockerOperator"}
{"timestamp":"2025-08-18T03:08:29.307266","level":"info","event":"\u001b[0m03:08:29  Done. PASS=0 WARN=0 ERROR=1 SKIP=0 TOTAL=1","logger":"airflow.task.operators.airflow.providers.docker.operators.docker.DockerOperator"}
{"timestamp":"2025-08-17T20:08:26.534169","level":"error","event":"Task failed with exception","logger":"task","error_detail":[{"exc_type":"DockerContainerFailedException","exc_value":"Docker container failed: {'StatusCode': 1}","exc_notes":[],"syntax_error":null,"is_cause":false,"frames":[{"filename":"/home/airflow/.local/lib/python3.12/site-packages/airflow/sdk/execution_time/task_runner.py","lineno":825,"name":"run"},{"filename":"/home/airflow/.local/lib/python3.12/site-packages/airflow/sdk/execution_time/task_runner.py","lineno":1088,"name":"_execute_task"},{"filename":"/home/airflow/.local/lib/python3.12/site-packages/airflow/sdk/bases/operator.py","lineno":408,"name":"wrapper"},{"filename":"/home/airflow/.local/lib/python3.12/site-packages/airflow/providers/docker/operators/docker.py","lineno":494,"name":"execute"},{"filename":"/home/airflow/.local/lib/python3.12/site-packages/airflow/providers/docker/operators/docker.py","lineno":358,"name":"_run_image"},{"filename":"/home/airflow/.local/lib/python3.12/site-packages/airflow/providers/docker/operators/docker.py","lineno":428,"name":"_run_image_with_mounts"}]}]}
