{"timestamp":"2025-08-18T04:20:55.804770","level":"info","event":"DAG bundles loaded: dags-folder","logger":"airflow.dag_processing.bundles.manager.DagBundlesManager"}
{"timestamp":"2025-08-18T04:20:55.805488","level":"info","event":"Filling up the DagBag from /opt/airflow/dags/orchestrator.py","logger":"airflow.models.dagbag.DagBag"}
{"timestamp":"2025-08-18T04:20:56.025424","level":"info","event":"Starting docker container from image ghcr.io/dbt-labs/dbt-postgres:1.9.latest","logger":"airflow.task.operators.airflow.providers.docker.operators.docker.DockerOperator"}
{"timestamp":"2025-08-18T04:20:58.654539","level":"info","event":"\u001b[0m04:20:58  Running with dbt=1.9.0","logger":"airflow.task.operators.airflow.providers.docker.operators.docker.DockerOperator"}
{"timestamp":"2025-08-18T04:20:58.977279","level":"info","event":"\u001b[0m04:20:58  Registered adapter: postgres=1.9.0","logger":"airflow.task.operators.airflow.providers.docker.operators.docker.DockerOperator"}
{"timestamp":"2025-08-18T04:20:59.334681","level":"info","event":"\u001b[0m04:20:59  Found 3 models, 1 source, 429 macros","logger":"airflow.task.operators.airflow.providers.docker.operators.docker.DockerOperator"}
{"timestamp":"2025-08-18T04:20:59.336427","level":"info","event":"\u001b[0m04:20:59","logger":"airflow.task.operators.airflow.providers.docker.operators.docker.DockerOperator"}
{"timestamp":"2025-08-18T04:20:59.336688","level":"info","event":"\u001b[0m04:20:59  Concurrency: 4 threads (target='weather')","logger":"airflow.task.operators.airflow.providers.docker.operators.docker.DockerOperator"}
{"timestamp":"2025-08-18T04:20:59.337118","level":"info","event":"\u001b[0m04:20:59","logger":"airflow.task.operators.airflow.providers.docker.operators.docker.DockerOperator"}
{"timestamp":"2025-08-18T04:20:59.468988","level":"info","event":"\u001b[0m04:20:59  1 of 3 START sql table model weather.stg_weather_data .......................... [RUN]","logger":"airflow.task.operators.airflow.providers.docker.operators.docker.DockerOperator"}
{"timestamp":"2025-08-18T04:20:59.586793","level":"info","event":"\u001b[0m04:20:59  1 of 3 OK created sql table model weather.stg_weather_data ..................... [\u001b[32mSELECT 2\u001b[0m in 0.11s]","logger":"airflow.task.operators.airflow.providers.docker.operators.docker.DockerOperator"}
{"timestamp":"2025-08-18T04:20:59.589856","level":"info","event":"\u001b[0m04:20:59  2 of 3 START sql table model weather.daily_avg ................................. [RUN]","logger":"airflow.task.operators.airflow.providers.docker.operators.docker.DockerOperator"}
{"timestamp":"2025-08-18T04:20:59.590354","level":"info","event":"\u001b[0m04:20:59  3 of 3 START sql table model weather.weather_report ............................ [RUN]","logger":"airflow.task.operators.airflow.providers.docker.operators.docker.DockerOperator"}
{"timestamp":"2025-08-18T04:20:59.663519","level":"info","event":"\u001b[0m04:20:59  2 of 3 OK created sql table model weather.daily_avg ............................ [\u001b[32mSELECT 1\u001b[0m in 0.07s]","logger":"airflow.task.operators.airflow.providers.docker.operators.docker.DockerOperator"}
{"timestamp":"2025-08-18T04:20:59.668301","level":"info","event":"\u001b[0m04:20:59  3 of 3 OK created sql table model weather.weather_report ....................... [\u001b[32mSELECT 2\u001b[0m in 0.08s]","logger":"airflow.task.operators.airflow.providers.docker.operators.docker.DockerOperator"}
{"timestamp":"2025-08-18T04:20:59.687074","level":"info","event":"\u001b[0m04:20:59","logger":"airflow.task.operators.airflow.providers.docker.operators.docker.DockerOperator"}
{"timestamp":"2025-08-18T04:20:59.687292","level":"info","event":"\u001b[0m04:20:59  Finished running 3 table models in 0 hours 0 minutes and 0.35 seconds (0.35s).","logger":"airflow.task.operators.airflow.providers.docker.operators.docker.DockerOperator"}
{"timestamp":"2025-08-18T04:20:59.727824","level":"info","event":"\u001b[0m04:20:59","logger":"airflow.task.operators.airflow.providers.docker.operators.docker.DockerOperator"}
{"timestamp":"2025-08-18T04:20:59.728113","level":"info","event":"\u001b[0m04:20:59  \u001b[32mCompleted successfully\u001b[0m","logger":"airflow.task.operators.airflow.providers.docker.operators.docker.DockerOperator"}
{"timestamp":"2025-08-18T04:20:59.728298","level":"info","event":"\u001b[0m04:20:59","logger":"airflow.task.operators.airflow.providers.docker.operators.docker.DockerOperator"}
{"timestamp":"2025-08-18T04:20:59.728662","level":"info","event":"\u001b[0m04:20:59  Done. PASS=3 WARN=0 ERROR=0 SKIP=0 TOTAL=3","logger":"airflow.task.operators.airflow.providers.docker.operators.docker.DockerOperator"}
{"timestamp":"2025-08-18T04:21:01.563058","level":"info","event":"Pushing xcom","ti":"RuntimeTaskInstance(id=UUID('0198bb68-a203-77a4-b212-1a92e9f92b44'), task_id='transform_data_task', dag_id='weather_api_dbt_orchestrator', run_id='scheduled__2025-08-18T04:20:31.325652+00:00', try_number=1, map_index=-1, hostname='2eb1a2c011be', context_carrier=None, task=<Task(DockerOperator): transform_data_task>, bundle_instance=LocalDagBundle(name=dags-folder), max_tries=0, start_date=datetime.datetime(2025, 8, 18, 4, 20, 55, 366242, tzinfo=TzInfo(UTC)), end_date=None, is_mapped=False)","logger":"task"}
