{"timestamp":"2025-08-18T03:12:56.944190","level":"info","event":"DAG bundles loaded: dags-folder","logger":"airflow.dag_processing.bundles.manager.DagBundlesManager"}
{"timestamp":"2025-08-18T03:12:56.945029","level":"info","event":"Filling up the DagBag from /opt/airflow/dags/orchestrator.py","logger":"airflow.models.dagbag.DagBag"}
{"timestamp":"2025-08-18T03:12:57.099573","level":"info","event":"Starting docker container from image ghcr.io/dbt-labs/dbt-postgres:1.9.latest","logger":"airflow.task.operators.airflow.providers.docker.operators.docker.DockerOperator"}
{"timestamp":"2025-08-18T03:12:59.196087","level":"info","event":"\u001b[0m03:12:59  Running with dbt=1.9.0","logger":"airflow.task.operators.airflow.providers.docker.operators.docker.DockerOperator"}
{"timestamp":"2025-08-18T03:12:59.445377","level":"info","event":"\u001b[0m03:12:59  Registered adapter: postgres=1.9.0","logger":"airflow.task.operators.airflow.providers.docker.operators.docker.DockerOperator"}
{"timestamp":"2025-08-18T03:13:00.035320","level":"info","event":"\u001b[0m03:13:00  Found 3 models, 1 source, 429 macros","logger":"airflow.task.operators.airflow.providers.docker.operators.docker.DockerOperator"}
{"timestamp":"2025-08-18T03:13:00.039711","level":"info","event":"\u001b[0m03:13:00","logger":"airflow.task.operators.airflow.providers.docker.operators.docker.DockerOperator"}
{"timestamp":"2025-08-18T03:13:00.040393","level":"info","event":"\u001b[0m03:13:00  Concurrency: 4 threads (target='weather')","logger":"airflow.task.operators.airflow.providers.docker.operators.docker.DockerOperator"}
{"timestamp":"2025-08-18T03:13:00.041002","level":"info","event":"\u001b[0m03:13:00","logger":"airflow.task.operators.airflow.providers.docker.operators.docker.DockerOperator"}
{"timestamp":"2025-08-18T03:13:00.183440","level":"info","event":"\u001b[0m03:13:00  1 of 3 START sql table model weather.stg_weather_data .......................... [RUN]","logger":"airflow.task.operators.airflow.providers.docker.operators.docker.DockerOperator"}
{"timestamp":"2025-08-18T03:13:00.289681","level":"info","event":"\u001b[0m03:13:00  1 of 3 OK created sql table model weather.stg_weather_data ..................... [\u001b[32mSELECT 1\u001b[0m in 0.10s]","logger":"airflow.task.operators.airflow.providers.docker.operators.docker.DockerOperator"}
{"timestamp":"2025-08-18T03:13:00.292443","level":"info","event":"\u001b[0m03:13:00  2 of 3 START sql table model weather.daily_avg ................................. [RUN]","logger":"airflow.task.operators.airflow.providers.docker.operators.docker.DockerOperator"}
{"timestamp":"2025-08-18T03:13:00.293196","level":"info","event":"\u001b[0m03:13:00  3 of 3 START sql table model weather.weather_report ............................ [RUN]","logger":"airflow.task.operators.airflow.providers.docker.operators.docker.DockerOperator"}
{"timestamp":"2025-08-18T03:13:00.352196","level":"info","event":"\u001b[0m03:13:00  3 of 3 OK created sql table model weather.weather_report ....................... [\u001b[32mSELECT 1\u001b[0m in 0.06s]","logger":"airflow.task.operators.airflow.providers.docker.operators.docker.DockerOperator"}
{"timestamp":"2025-08-18T03:13:00.353823","level":"info","event":"\u001b[0m03:13:00  2 of 3 OK created sql table model weather.daily_avg ............................ [\u001b[32mSELECT 1\u001b[0m in 0.06s]","logger":"airflow.task.operators.airflow.providers.docker.operators.docker.DockerOperator"}
{"timestamp":"2025-08-18T03:13:00.367166","level":"info","event":"\u001b[0m03:13:00","logger":"airflow.task.operators.airflow.providers.docker.operators.docker.DockerOperator"}
{"timestamp":"2025-08-18T03:13:00.367384","level":"info","event":"\u001b[0m03:13:00  Finished running 3 table models in 0 hours 0 minutes and 0.33 seconds (0.33s).","logger":"airflow.task.operators.airflow.providers.docker.operators.docker.DockerOperator"}
{"timestamp":"2025-08-18T03:13:00.395226","level":"info","event":"\u001b[0m03:13:00","logger":"airflow.task.operators.airflow.providers.docker.operators.docker.DockerOperator"}
{"timestamp":"2025-08-18T03:13:00.395587","level":"info","event":"\u001b[0m03:13:00  \u001b[32mCompleted successfully\u001b[0m","logger":"airflow.task.operators.airflow.providers.docker.operators.docker.DockerOperator"}
{"timestamp":"2025-08-18T03:13:00.395983","level":"info","event":"\u001b[0m03:13:00","logger":"airflow.task.operators.airflow.providers.docker.operators.docker.DockerOperator"}
{"timestamp":"2025-08-18T03:13:00.396434","level":"info","event":"\u001b[0m03:13:00  Done. PASS=3 WARN=0 ERROR=0 SKIP=0 TOTAL=3","logger":"airflow.task.operators.airflow.providers.docker.operators.docker.DockerOperator"}
{"timestamp":"2025-08-18T03:13:02.724678","level":"info","event":"Pushing xcom","ti":"RuntimeTaskInstance(id=UUID('0198bb2a-6751-7d60-bcfb-e62563e77f02'), task_id='transform_data_task', dag_id='weather_api_dbt_orchestrator', run_id='scheduled__2025-08-18T03:12:54.108738+00:00', try_number=1, map_index=-1, hostname='f4a8bac0ff71', context_carrier=None, task=<Task(DockerOperator): transform_data_task>, bundle_instance=LocalDagBundle(name=dags-folder), max_tries=0, start_date=datetime.datetime(2025, 8, 18, 3, 12, 56, 886880, tzinfo=TzInfo(UTC)), end_date=None, is_mapped=False)","logger":"task"}
