{"timestamp":"2025-08-04T03:47:17.360100","level":"info","event":"DAG bundles loaded: dags-folder","logger":"airflow.dag_processing.bundles.manager.DagBundlesManager"}
{"timestamp":"2025-08-04T03:47:17.360882","level":"info","event":"Filling up the DagBag from /opt/airflow/dags/orchestrator.py","logger":"airflow.models.dagbag.DagBag"}
{"timestamp":"2025-08-04T03:47:17.620971","level":"info","event":"Starting docker container from image ghcr.io/dbt-labs/dbt-postgres:1.9.latest","logger":"airflow.task.operators.airflow.providers.docker.operators.docker.DockerOperator"}
{"timestamp":"2025-08-04T03:47:23.926942","level":"info","event":"\u001b[0m03:47:23  Running with dbt=1.9.0","logger":"airflow.task.operators.airflow.providers.docker.operators.docker.DockerOperator"}
{"timestamp":"2025-08-04T03:47:24.791868","level":"info","event":"\u001b[0m03:47:24  Registered adapter: postgres=1.9.0","logger":"airflow.task.operators.airflow.providers.docker.operators.docker.DockerOperator"}
{"timestamp":"2025-08-04T03:47:25.585682","level":"info","event":"\u001b[0m03:47:25  Found 3 models, 1 source, 429 macros","logger":"airflow.task.operators.airflow.providers.docker.operators.docker.DockerOperator"}
{"timestamp":"2025-08-04T03:47:25.591173","level":"info","event":"\u001b[0m03:47:25","logger":"airflow.task.operators.airflow.providers.docker.operators.docker.DockerOperator"}
{"timestamp":"2025-08-04T03:47:25.591742","level":"info","event":"\u001b[0m03:47:25  Concurrency: 4 threads (target='dev')","logger":"airflow.task.operators.airflow.providers.docker.operators.docker.DockerOperator"}
{"timestamp":"2025-08-04T03:47:25.592317","level":"info","event":"\u001b[0m03:47:25","logger":"airflow.task.operators.airflow.providers.docker.operators.docker.DockerOperator"}
{"timestamp":"2025-08-04T03:47:25.936571","level":"info","event":"\u001b[0m03:47:25  1 of 3 START sql table model weather.stg_weather_data .......................... [RUN]","logger":"airflow.task.operators.airflow.providers.docker.operators.docker.DockerOperator"}
{"timestamp":"2025-08-04T03:47:26.159339","level":"info","event":"\u001b[0m03:47:26  1 of 3 OK created sql table model weather.stg_weather_data ..................... [\u001b[32mSELECT 9\u001b[0m in 0.22s]","logger":"airflow.task.operators.airflow.providers.docker.operators.docker.DockerOperator"}
{"timestamp":"2025-08-04T03:47:26.162663","level":"info","event":"\u001b[0m03:47:26  2 of 3 START sql table model weather.daily_avg ................................. [RUN]","logger":"airflow.task.operators.airflow.providers.docker.operators.docker.DockerOperator"}
{"timestamp":"2025-08-04T03:47:26.164062","level":"info","event":"\u001b[0m03:47:26  3 of 3 START sql table model weather.weather_report ............................ [RUN]","logger":"airflow.task.operators.airflow.providers.docker.operators.docker.DockerOperator"}
{"timestamp":"2025-08-04T03:47:26.316384","level":"info","event":"\u001b[0m03:47:26  2 of 3 OK created sql table model weather.daily_avg ............................ [\u001b[32mSELECT 2\u001b[0m in 0.15s]","logger":"airflow.task.operators.airflow.providers.docker.operators.docker.DockerOperator"}
{"timestamp":"2025-08-04T03:47:26.318688","level":"info","event":"\u001b[0m03:47:26  3 of 3 OK created sql table model weather.weather_report ....................... [\u001b[32mSELECT 9\u001b[0m in 0.15s]","logger":"airflow.task.operators.airflow.providers.docker.operators.docker.DockerOperator"}
{"timestamp":"2025-08-04T03:47:26.348396","level":"info","event":"\u001b[0m03:47:26","logger":"airflow.task.operators.airflow.providers.docker.operators.docker.DockerOperator"}
{"timestamp":"2025-08-04T03:47:26.348769","level":"info","event":"\u001b[0m03:47:26  Finished running 3 table models in 0 hours 0 minutes and 0.75 seconds (0.75s).","logger":"airflow.task.operators.airflow.providers.docker.operators.docker.DockerOperator"}
{"timestamp":"2025-08-04T03:47:26.424536","level":"info","event":"\u001b[0m03:47:26","logger":"airflow.task.operators.airflow.providers.docker.operators.docker.DockerOperator"}
{"timestamp":"2025-08-04T03:47:26.425330","level":"info","event":"\u001b[0m03:47:26  \u001b[32mCompleted successfully\u001b[0m","logger":"airflow.task.operators.airflow.providers.docker.operators.docker.DockerOperator"}
{"timestamp":"2025-08-04T03:47:26.426105","level":"info","event":"\u001b[0m03:47:26","logger":"airflow.task.operators.airflow.providers.docker.operators.docker.DockerOperator"}
{"timestamp":"2025-08-04T03:47:26.426826","level":"info","event":"\u001b[0m03:47:26  Done. PASS=3 WARN=0 ERROR=0 SKIP=0 TOTAL=3","logger":"airflow.task.operators.airflow.providers.docker.operators.docker.DockerOperator"}
{"timestamp":"2025-08-04T03:47:29.026898","level":"info","event":"Pushing xcom","ti":"RuntimeTaskInstance(id=UUID('01987327-aa12-7917-9e1a-620e12d97888'), task_id='transform_data_task', dag_id='weather_api_dbt_orchestrator', run_id='scheduled__2025-08-04T03:37:01.098033+00:00', try_number=1, map_index=-1, hostname='8289800fdfbe', context_carrier=None, task=<Task(DockerOperator): transform_data_task>, bundle_instance=LocalDagBundle(name=dags-folder), max_tries=0, start_date=datetime.datetime(2025, 8, 4, 3, 47, 17, 307658, tzinfo=TzInfo(UTC)), end_date=None, is_mapped=False)","logger":"task"}
